[2020-07-13T12:09:03.333] [DEBUG] cheese - login => username:admin,password:123456
[2020-07-13T12:09:03.334] [DEBUG] cheese - admin
[2020-07-13T12:09:03.347] [DEBUG] cheese - null
[2020-07-13T12:09:03.348] [DEBUG] cheese - null
[2020-07-15T13:35:51.769] [DEBUG] cheese - login => username:admin,password:123456
[2020-07-15T13:35:51.771] [DEBUG] cheese - admin
[2020-07-15T13:35:51.788] [DEBUG] cheese - null
[2020-07-15T13:35:51.788] [DEBUG] cheese - null
[2020-07-15T13:36:12.290] [DEBUG] cheese - login => username:admin,password:123456
[2020-07-15T13:36:12.290] [DEBUG] cheese - admin
[2020-07-15T13:36:12.292] [DEBUG] cheese - null
[2020-07-15T13:36:12.293] [DEBUG] cheese - null
[2020-07-15T14:56:48.308] [DEBUG] cheese - login => username:admin,password:123456
[2020-07-15T14:56:48.308] [DEBUG] cheese - admin
[2020-07-15T14:56:48.311] [DEBUG] cheese - null
[2020-07-15T14:56:48.311] [DEBUG] cheese - null
[2020-07-15T14:57:02.271] [DEBUG] cheese - login => username:admin,password:123456
[2020-07-15T14:57:02.271] [DEBUG] cheese - admin
[2020-07-15T14:57:02.273] [DEBUG] cheese - null
[2020-07-15T14:57:02.274] [DEBUG] cheese - null
[2020-07-15T14:57:04.798] [DEBUG] cheese - login => username:admin,password:123456
[2020-07-15T14:57:04.798] [DEBUG] cheese - admin
[2020-07-15T14:57:04.801] [DEBUG] cheese - null
[2020-07-15T14:57:04.801] [DEBUG] cheese - null
[2020-07-15T16:09:19.962] [DEBUG] cheese - login => username:admin,password:123456
[2020-07-15T16:09:19.962] [DEBUG] cheese - admin
[2020-07-15T16:09:19.966] [DEBUG] cheese - null
[2020-07-15T16:09:19.966] [DEBUG] cheese - null
[2020-07-15T16:09:41.750] [DEBUG] cheese - login => username:admin,password:123456
[2020-07-15T16:09:41.750] [DEBUG] cheese - admin
[2020-07-15T16:09:41.753] [DEBUG] cheese - null
[2020-07-15T16:09:41.754] [DEBUG] cheese - null
[2020-07-15T16:09:47.463] [DEBUG] cheese - login => username:admin,password:123456
[2020-07-15T16:09:47.463] [DEBUG] cheese - admin
[2020-07-15T16:09:47.465] [DEBUG] cheese - null
[2020-07-15T16:09:47.466] [DEBUG] cheese - null
[2020-07-15T16:10:17.950] [DEBUG] cheese - login => username:admin,password:123456
[2020-07-15T16:10:17.950] [DEBUG] cheese - admin
[2020-07-15T16:10:17.952] [DEBUG] cheese - null
[2020-07-15T16:10:17.952] [DEBUG] cheese - null
[2020-07-16T08:54:17.985] [DEBUG] cheese - login => username:admin,password:123456
[2020-07-16T08:54:17.987] [DEBUG] cheese - admin
[2020-07-16T08:54:18.001] [DEBUG] cheese - null
[2020-07-16T08:54:18.001] [DEBUG] cheese - null
[2020-07-16T09:15:37.092] [DEBUG] cheese - login => username:admin,password:123456
[2020-07-16T09:15:37.094] [DEBUG] cheese - admin
[2020-07-16T09:15:37.097] [DEBUG] cheese - null
[2020-07-16T09:15:37.097] [DEBUG] cheese - null
[2020-07-16T09:16:43.305] [DEBUG] cheese - login => username:admin,password:123456
[2020-07-16T09:16:43.305] [DEBUG] cheese - admin
[2020-07-16T09:16:43.309] [DEBUG] cheese - null
[2020-07-16T09:16:43.309] [DEBUG] cheese - null
[2020-07-16T09:30:02.608] [DEBUG] cheese - login => username:admin,password:123456
[2020-07-16T09:30:02.609] [DEBUG] cheese - admin
[2020-07-16T09:30:02.611] [DEBUG] cheese - null
[2020-07-16T09:30:02.611] [DEBUG] cheese - null
[2020-07-16T09:30:26.279] [DEBUG] cheese - login => username:admin,password:123456
[2020-07-16T09:30:26.279] [DEBUG] cheese - admin
[2020-07-16T09:30:26.282] [DEBUG] cheese - null
[2020-07-16T09:30:26.282] [DEBUG] cheese - null
[2020-07-16T09:31:03.070] [DEBUG] cheese - login => username:admin,password:123456
[2020-07-16T09:31:03.070] [DEBUG] cheese - admin
[2020-07-16T09:31:03.073] [DEBUG] cheese - null
[2020-07-16T09:31:03.073] [DEBUG] cheese - null
[2020-07-16T09:31:09.646] [DEBUG] cheese - login => username:admin,password:123456
[2020-07-16T09:31:09.647] [DEBUG] cheese - admin
[2020-07-16T09:31:09.649] [DEBUG] cheese - null
[2020-07-16T09:31:09.649] [DEBUG] cheese - null
[2020-07-16T09:31:25.231] [DEBUG] cheese - login => username:admin,password:123456
[2020-07-16T09:31:25.231] [DEBUG] cheese - admin
[2020-07-16T09:31:25.235] [DEBUG] cheese - null
[2020-07-16T09:31:25.235] [DEBUG] cheese - null
[2020-07-16T09:31:45.396] [DEBUG] cheese - login => username:admin,password:123456
[2020-07-16T09:31:45.396] [DEBUG] cheese - admin
[2020-07-16T09:31:45.399] [DEBUG] cheese - null
[2020-07-16T09:31:45.399] [DEBUG] cheese - null
[2020-07-16T09:31:50.752] [DEBUG] cheese - login => username:admin,password:123456
[2020-07-16T09:31:50.752] [DEBUG] cheese - admin
[2020-07-16T09:31:50.754] [DEBUG] cheese - null
[2020-07-16T09:31:50.754] [DEBUG] cheese - null
[2020-07-16T09:32:26.210] [DEBUG] cheese - login => username:admin,password:123456
[2020-07-16T09:32:26.210] [DEBUG] cheese - admin
[2020-07-16T09:32:26.212] [DEBUG] cheese - null
[2020-07-16T09:32:26.212] [DEBUG] cheese - null
[2020-07-16T09:32:39.710] [DEBUG] cheese - login => username:admin,password:123456
[2020-07-16T09:32:39.710] [DEBUG] cheese - admin
[2020-07-16T09:32:39.712] [DEBUG] cheese - null
[2020-07-16T09:32:39.712] [DEBUG] cheese - null
[2020-07-16T09:32:58.255] [DEBUG] cheese - login => username:admin,password:123456
[2020-07-16T09:32:58.255] [DEBUG] cheese - admin
[2020-07-16T09:32:58.258] [DEBUG] cheese - null
[2020-07-16T09:32:58.258] [DEBUG] cheese - null
[2020-07-16T09:33:10.739] [DEBUG] cheese - login => username:admin,password:123456
[2020-07-16T09:33:10.739] [DEBUG] cheese - admin
[2020-07-16T09:33:10.746] [DEBUG] cheese - null
[2020-07-16T09:33:10.746] [DEBUG] cheese - null
[2020-07-16T17:04:33.296] [DEBUG] cheese - login => username:admin,password:123456
[2020-07-16T17:04:33.300] [DEBUG] cheese - admin
[2020-07-16T17:04:33.310] [DEBUG] cheese - null
[2020-07-16T17:04:33.311] [DEBUG] cheese - null
[2020-07-27T14:31:43.858] [DEBUG] cheese - login => username:admin,password:123456
[2020-07-27T14:31:43.861] [DEBUG] cheese - admin
[2020-07-27T14:31:43.878] [DEBUG] cheese - null
[2020-07-27T14:31:43.879] [DEBUG] cheese - null
[2020-07-28T15:19:32.361] [DEBUG] cheese - login => username:admin,password:123456
[2020-07-28T15:19:32.363] [DEBUG] cheese - admin
[2020-07-28T15:19:32.374] [DEBUG] cheese - null
[2020-07-28T15:19:32.375] [DEBUG] cheese - null
[2020-08-03T09:31:43.697] [DEBUG] cheese - login => username:admin,password:123456
[2020-08-03T09:31:43.699] [DEBUG] cheese - admin
[2020-08-03T09:31:43.795] [DEBUG] cheese - null
[2020-08-03T09:31:43.796] [DEBUG] cheese - null
[2020-08-03T09:35:08.264] [DEBUG] cheese - login => username:admin,password:123456
[2020-08-03T09:35:08.264] [DEBUG] cheese - admin
[2020-08-03T09:35:08.272] [DEBUG] cheese - null
[2020-08-03T09:35:08.272] [DEBUG] cheese - null
[2020-08-21T14:24:42.356] [DEBUG] cheese - login => username:admin,password:123456
[2020-08-21T14:24:42.358] [DEBUG] cheese - admin
[2020-08-21T14:24:42.376] [DEBUG] cheese - null
[2020-08-21T14:24:42.376] [DEBUG] cheese - null
[2020-08-26T09:17:08.048] [DEBUG] cheese - login => username:admin,password:123456
[2020-08-26T09:17:08.049] [DEBUG] cheese - admin
[2020-08-26T09:17:08.066] [DEBUG] cheese - null
[2020-08-26T09:17:08.067] [DEBUG] cheese - null
[2020-08-31T09:11:07.513] [DEBUG] cheese - login => username:admin,password:123456
[2020-08-31T09:11:07.517] [DEBUG] cheese - admin
[2020-08-31T09:11:07.592] [DEBUG] cheese - null
[2020-08-31T09:25:00.484] [DEBUG] cheese - login => username:admin,password:123456
[2020-08-31T09:25:00.488] [DEBUG] cheese - admin
[2020-08-31T09:25:00.742] [DEBUG] cheese - null
[2020-08-31T09:43:43.567] [DEBUG] cheese - login => username:admin,password:123456
[2020-08-31T09:43:43.572] [DEBUG] cheese - admin
[2020-08-31T09:43:43.600] [DEBUG] cheese - null
[2020-08-31T09:43:43.601] [DEBUG] cheese - null
[2020-08-31T09:43:46.465] [DEBUG] cheese - login => username:admin,password:123456
[2020-08-31T09:43:46.465] [DEBUG] cheese - admin
[2020-08-31T09:43:46.468] [DEBUG] cheese - null
[2020-08-31T09:43:46.468] [DEBUG] cheese - null
[2020-08-31T09:45:49.654] [DEBUG] cheese - login => username:admin,password:123456
[2020-08-31T09:45:49.655] [DEBUG] cheese - admin
[2020-08-31T09:45:49.660] [DEBUG] cheese - null
[2020-08-31T09:45:49.660] [DEBUG] cheese - null
[2020-08-31T10:19:12.412] [DEBUG] cheese - login => username:admin,password:123456
[2020-08-31T10:19:12.412] [DEBUG] cheese - admin
[2020-08-31T10:19:12.444] [DEBUG] cheese - null
[2020-08-31T10:19:12.444] [DEBUG] cheese - null
[2020-08-31T10:31:57.638] [DEBUG] cheese - login => username:admin,password:123456
[2020-08-31T10:31:57.638] [DEBUG] cheese - admin
[2020-08-31T10:31:57.735] [DEBUG] cheese - null
[2020-08-31T10:31:57.735] [DEBUG] cheese - null
[2020-08-31T10:32:00.823] [DEBUG] cheese - login => username:admin,password:123456
[2020-08-31T10:32:00.823] [DEBUG] cheese - admin
[2020-08-31T10:32:00.829] [DEBUG] cheese - null
[2020-08-31T10:32:00.829] [DEBUG] cheese - null
[2020-08-31T11:43:44.827] [DEBUG] cheese - login => username:admin,password:123456
[2020-08-31T11:43:44.827] [DEBUG] cheese - admin
[2020-08-31T11:43:44.910] [DEBUG] cheese - null
[2020-08-31T11:43:44.910] [DEBUG] cheese - null
[2020-08-31T11:58:27.009] [DEBUG] cheese - login => username:admin,password:123456
[2020-08-31T11:58:27.011] [DEBUG] cheese - admin
[2020-08-31T11:58:27.046] [DEBUG] cheese - null
[2020-08-31T11:58:27.046] [DEBUG] cheese - null
[2020-08-31T14:27:20.056] [DEBUG] cheese - login => username:admin,password:123456
[2020-08-31T14:27:20.060] [DEBUG] cheese - admin
[2020-08-31T14:27:20.159] [DEBUG] cheese - null
[2020-08-31T14:27:20.160] [DEBUG] cheese - null
[2020-09-01T14:37:14.109] [DEBUG] cheese - login => username:admin,password:123456
[2020-09-01T14:37:14.111] [DEBUG] cheese - admin
[2020-09-01T14:37:14.120] [DEBUG] cheese - null
[2020-09-01T14:37:14.120] [DEBUG] cheese - null
[2020-09-02T15:01:02.924] [DEBUG] cheese - login => username:admin,password:123456
[2020-09-02T15:01:02.926] [DEBUG] cheese - admin
[2020-09-02T15:01:02.986] [DEBUG] cheese - null
[2020-09-02T15:01:02.987] [DEBUG] cheese - null
[2020-09-03T15:01:52.529] [DEBUG] cheese - login => username:admin,password:123456
[2020-09-03T15:01:52.635] [DEBUG] cheese - admin
[2020-09-03T15:01:52.998] [DEBUG] cheese - null
[2020-09-03T15:01:53.009] [DEBUG] cheese - null
[2020-09-04T15:03:47.710] [DEBUG] cheese - login => username:admin,password:123456
[2020-09-04T15:03:47.715] [DEBUG] cheese - admin
[2020-09-04T15:03:47.775] [DEBUG] cheese - null
[2020-09-04T15:03:47.776] [DEBUG] cheese - null
[2020-09-05T15:16:33.929] [DEBUG] cheese - login => username:admin,password:123456
[2020-09-05T15:16:33.930] [DEBUG] cheese - admin
[2020-09-05T15:16:33.937] [DEBUG] cheese - null
[2020-09-05T15:16:33.938] [DEBUG] cheese - null
[2020-09-05T15:22:00.358] [DEBUG] cheese - null
[2020-09-05T15:25:00.352] [DEBUG] cheese - null
[2020-09-05T15:27:10.298] [DEBUG] cheese - null
[2020-09-05T15:27:49.727] [DEBUG] cheese - null
[2020-09-05T15:29:08.403] [DEBUG] cheese - null
[2020-09-05T15:44:31.656] [DEBUG] cheese - null
[2020-09-05T15:44:36.695] [DEBUG] cheese - null
[2020-09-05T15:47:01.263] [DEBUG] cheese - null
[2020-09-05T15:47:10.277] [DEBUG] cheese - null
[2020-09-05T15:47:22.981] [DEBUG] cheese - null
[2020-09-05T15:53:23.540] [DEBUG] cheese - null
[2020-09-05T15:53:31.711] [DEBUG] cheese - null
[2020-09-05T19:09:46.429] [DEBUG] cheese - null
[2020-09-05T19:15:26.551] [DEBUG] cheese - null
[2020-09-05T21:34:25.460] [DEBUG] cheese - login => username:admin,password:123456
[2020-09-05T21:34:25.464] [DEBUG] cheese - admin
[2020-09-05T21:34:25.479] [DEBUG] cheese - null
[2020-09-05T21:34:25.480] [DEBUG] cheese - null
[2020-09-06T12:03:41.829] [DEBUG] cheese - null
[2020-09-06T16:51:49.905] [DEBUG] cheese - null
[2020-09-07T08:53:10.455] [DEBUG] cheese - login => username:admin,password:123456
[2020-09-07T08:53:10.459] [DEBUG] cheese - admin
[2020-09-07T08:53:10.554] [DEBUG] cheese - null
[2020-09-07T08:53:10.555] [DEBUG] cheese - null
[2020-09-07T18:08:01.763] [DEBUG] cheese - null
[2020-09-07T18:09:32.789] [DEBUG] cheese - null
[2020-09-07T18:11:47.915] [DEBUG] cheese - null
[2020-09-07T18:14:01.437] [DEBUG] cheese - null
[2020-09-07T18:18:54.677] [DEBUG] cheese - null
[2020-09-07T18:20:26.397] [DEBUG] cheese - null
[2020-09-07T18:22:06.543] [DEBUG] cheese - null
[2020-09-07T18:23:08.540] [DEBUG] cheese - null
[2020-09-07T18:26:09.748] [DEBUG] cheese - null
[2020-09-07T21:27:09.500] [DEBUG] cheese - login => username:admin,password:123456
[2020-09-07T21:27:09.505] [DEBUG] cheese - admin
[2020-09-07T21:27:09.538] [DEBUG] cheese - null
[2020-09-07T21:27:09.540] [DEBUG] cheese - null
[2020-09-08T08:46:18.218] [DEBUG] cheese - null
[2020-09-08T08:46:45.392] [DEBUG] cheese - null
[2020-09-08T08:49:35.658] [DEBUG] cheese - null
[2020-09-08T08:50:10.846] [DEBUG] cheese - null
[2020-09-08T08:50:49.627] [DEBUG] cheese - null
[2020-09-08T08:51:18.713] [DEBUG] cheese - null
[2020-09-08T08:51:36.069] [DEBUG] cheese - null
[2020-09-08T08:52:03.975] [DEBUG] cheese - null
[2020-09-09T08:44:59.364] [DEBUG] cheese - login => username:admin,password:123456
[2020-09-09T08:44:59.366] [DEBUG] cheese - admin
[2020-09-09T08:44:59.629] [DEBUG] cheese - null
[2020-09-09T08:44:59.630] [DEBUG] cheese - null
[2020-09-10T09:01:06.146] [DEBUG] cheese - login => username:admin,password:123456
[2020-09-10T09:01:06.149] [DEBUG] cheese - admin
[2020-09-10T09:01:06.199] [DEBUG] cheese - null
[2020-09-10T09:01:06.201] [DEBUG] cheese - null
[2020-09-10T15:33:40.748] [DEBUG] cheese - null
[2020-09-10T15:33:42.785] [DEBUG] cheese - null
[2020-09-10T15:33:44.117] [DEBUG] cheese - null
[2020-09-10T17:06:25.781] [DEBUG] cheese - null
[2020-09-10T17:06:27.470] [DEBUG] cheese - null
[2020-09-10T17:06:28.913] [DEBUG] cheese - null
[2020-09-10T17:06:31.121] [DEBUG] cheese - null
[2020-09-10T17:06:32.329] [DEBUG] cheese - null
[2020-09-10T17:06:34.351] [DEBUG] cheese - null
[2020-09-10T17:06:36.054] [DEBUG] cheese - null
[2020-09-10T17:06:38.543] [DEBUG] cheese - null
[2020-09-10T18:10:25.433] [DEBUG] cheese - login => username:admin,password:123456
[2020-09-10T18:10:25.438] [DEBUG] cheese - admin
[2020-09-10T18:10:25.442] [DEBUG] cheese - null
[2020-09-10T18:10:25.443] [DEBUG] cheese - null
[2020-09-10T18:26:02.760] [DEBUG] cheese - login => username:admin,password:123456
[2020-09-10T18:26:02.761] [DEBUG] cheese - admin
[2020-09-10T18:26:02.819] [DEBUG] cheese - null
[2020-09-10T18:26:02.820] [DEBUG] cheese - null
[2020-09-10T18:26:45.190] [DEBUG] cheese - login => username:admin,password:123456
[2020-09-10T18:26:45.190] [DEBUG] cheese - admin
[2020-09-10T18:26:45.192] [DEBUG] cheese - null
[2020-09-10T18:26:45.192] [DEBUG] cheese - null
[2020-09-10T18:27:40.983] [DEBUG] cheese - login => username:admin,password:123456
[2020-09-10T18:27:40.983] [DEBUG] cheese - admin
[2020-09-10T18:27:40.985] [DEBUG] cheese - null
[2020-09-10T18:27:40.985] [DEBUG] cheese - null
[2020-09-10T18:27:57.078] [DEBUG] cheese - login => username:admin,password:123456
[2020-09-10T18:27:57.078] [DEBUG] cheese - admin
[2020-09-10T18:27:57.086] [DEBUG] cheese - null
[2020-09-10T18:27:57.086] [DEBUG] cheese - null
[2020-09-10T18:30:45.113] [DEBUG] cheese - login => username:admin,password:123456
[2020-09-10T18:30:45.113] [DEBUG] cheese - admin
[2020-09-10T18:30:45.119] [DEBUG] cheese - null
[2020-09-10T18:30:45.119] [DEBUG] cheese - null
[2020-09-10T18:31:15.557] [DEBUG] cheese - login => username:admin,password:123456
[2020-09-10T18:31:15.557] [DEBUG] cheese - admin
[2020-09-10T18:31:15.568] [DEBUG] cheese - null
[2020-09-10T18:31:15.568] [DEBUG] cheese - null
[2020-09-10T18:32:54.597] [DEBUG] cheese - login => username:admin,password:123456
[2020-09-10T18:32:54.597] [DEBUG] cheese - admin
[2020-09-10T18:32:54.599] [DEBUG] cheese - null
[2020-09-10T18:32:54.599] [DEBUG] cheese - null
[2020-09-10T18:33:37.022] [DEBUG] cheese - login => username:admin,password:123456
[2020-09-10T18:33:37.022] [DEBUG] cheese - admin
[2020-09-10T18:33:37.024] [DEBUG] cheese - null
[2020-09-10T18:33:37.024] [DEBUG] cheese - null
[2020-09-10T18:33:51.390] [DEBUG] cheese - login => username:admin,password:123456
[2020-09-10T18:33:51.390] [DEBUG] cheese - admin
[2020-09-10T18:33:51.392] [DEBUG] cheese - null
[2020-09-10T18:33:51.392] [DEBUG] cheese - null
[2020-09-10T18:34:40.883] [DEBUG] cheese - login => username:admin,password:123456
[2020-09-10T18:34:40.883] [DEBUG] cheese - admin
[2020-09-10T18:34:40.890] [DEBUG] cheese - null
[2020-09-10T18:34:40.890] [DEBUG] cheese - null
[2020-09-10T18:35:23.655] [DEBUG] cheese - login => username:admin,password:123456
[2020-09-10T18:35:23.655] [DEBUG] cheese - admin
[2020-09-10T18:35:23.657] [DEBUG] cheese - null
[2020-09-10T18:35:23.657] [DEBUG] cheese - null
[2020-09-10T18:35:43.621] [DEBUG] cheese - login => username:admin,password:123456
[2020-09-10T18:35:43.621] [DEBUG] cheese - admin
[2020-09-10T18:35:43.623] [DEBUG] cheese - null
[2020-09-10T18:35:43.623] [DEBUG] cheese - null
[2020-09-10T18:45:39.247] [DEBUG] cheese - login => username:admin,password:123456
[2020-09-10T18:45:39.248] [DEBUG] cheese - admin
[2020-09-10T18:45:39.251] [DEBUG] cheese - null
[2020-09-10T18:45:39.252] [DEBUG] cheese - null
[2020-09-10T18:47:46.877] [DEBUG] cheese - login => username:admin,password:123456
[2020-09-10T18:47:46.879] [DEBUG] cheese - admin
[2020-09-10T18:47:46.883] [DEBUG] cheese - null
[2020-09-10T18:47:46.884] [DEBUG] cheese - null
[2020-09-10T18:48:51.036] [DEBUG] cheese - login => username:admin,password:123456
[2020-09-10T18:48:51.036] [DEBUG] cheese - admin
[2020-09-10T18:48:51.044] [DEBUG] cheese - null
[2020-09-10T18:48:51.044] [DEBUG] cheese - null
[2020-09-10T18:52:05.395] [DEBUG] cheese - login => username:admin,password:123456
[2020-09-10T18:52:05.397] [DEBUG] cheese - admin
[2020-09-10T18:52:05.400] [DEBUG] cheese - null
[2020-09-10T18:52:05.401] [DEBUG] cheese - null
[2020-09-24T18:17:36.810] [DEBUG] cheese - login => username:admin,password:123456
[2020-09-24T18:17:36.814] [DEBUG] cheese - admin
[2020-09-24T18:17:36.898] [DEBUG] cheese - null
[2020-09-24T18:17:36.899] [DEBUG] cheese - null
[2020-09-24T18:18:52.477] [DEBUG] cheese - null
[2020-09-24T18:18:54.731] [DEBUG] cheese - null
[2020-09-24T18:18:57.036] [DEBUG] cheese - null
[2020-09-24T18:19:49.780] [DEBUG] cheese - null
[2020-09-24T18:19:58.022] [DEBUG] cheese - null
[2020-09-24T18:20:29.889] [DEBUG] cheese - null
[2020-09-24T18:20:32.302] [DEBUG] cheese - null
[2020-09-24T18:20:35.139] [DEBUG] cheese - null
[2020-09-24T18:22:34.314] [DEBUG] cheese - null
[2020-10-23T17:19:29.808] [DEBUG] cheese - login => username:admin,password:123456
[2020-10-23T17:19:29.810] [DEBUG] cheese - admin
[2020-10-23T17:19:29.892] [DEBUG] cheese - null
[2020-10-23T17:19:29.893] [DEBUG] cheese - null
[2020-10-23T17:32:59.602] [DEBUG] cheese - login => username:admin,password:123456
[2020-10-23T17:32:59.604] [DEBUG] cheese - admin
[2020-10-23T17:32:59.609] [DEBUG] cheese - null
[2020-10-23T17:32:59.609] [DEBUG] cheese - null
[2020-10-26T11:02:39.295] [DEBUG] cheese - login => username:admin,password:123456
[2020-10-26T11:02:39.299] [DEBUG] cheese - admin
[2020-10-26T11:02:39.455] [DEBUG] cheese - null
[2020-10-26T11:02:39.455] [DEBUG] cheese - null
[2020-10-28T21:47:07.046] [DEBUG] cheese - login => username:admin,password:123456
[2020-10-28T21:47:07.054] [DEBUG] cheese - admin
[2020-10-28T21:47:07.120] [DEBUG] cheese - null
[2020-10-28T21:47:07.120] [DEBUG] cheese - null
[2020-10-28T21:52:35.812] [DEBUG] cheese - login => username:456546,password:123456
[2020-10-28T21:52:35.814] [DEBUG] cheese - 456546
[2020-10-28T21:52:35.819] [DEBUG] cheese - null
[2020-10-28T21:52:35.820] [DEBUG] cheese - null
[2020-10-28T21:52:42.375] [DEBUG] cheese - login => username:456546,password:17608041335
[2020-10-28T21:52:42.375] [DEBUG] cheese - 456546
[2020-10-28T21:52:42.379] [DEBUG] cheese - null
[2020-10-28T21:52:42.379] [DEBUG] cheese - null
[2020-10-28T21:53:11.560] [DEBUG] cheese - login => username:admin,password:123456
[2020-10-28T21:53:11.560] [DEBUG] cheese - admin
[2020-10-28T21:53:11.564] [DEBUG] cheese - null
[2020-10-28T21:53:11.564] [DEBUG] cheese - null
